[debug] [2022-06-17T01:47:26.694Z] ----------------------------------------------------------------------
[debug] [2022-06-17T01:47:26.695Z] Command:       /usr/local/bin/node /usr/local/bin/firebase init
[debug] [2022-06-17T01:47:26.695Z] CLI Version:   11.1.0
[debug] [2022-06-17T01:47:26.695Z] Platform:      darwin
[debug] [2022-06-17T01:47:26.695Z] Node Version:  v16.15.1
[debug] [2022-06-17T01:47:26.696Z] Time:          Thu Jun 16 2022 21:47:26 GMT-0400 (Eastern Daylight Time)
[debug] [2022-06-17T01:47:26.696Z] ----------------------------------------------------------------------
[debug] 
[debug] [2022-06-17T01:47:26.721Z] > command requires scopes: ["email","openid","https://www.googleapis.com/auth/cloudplatformprojects.readonly","https://www.googleapis.com/auth/firebase","https://www.googleapis.com/auth/cloud-platform"]
[debug] [2022-06-17T01:47:26.722Z] > authorizing via signed-in user (zakymina2@gmail.com)
[info] 
     ######## #### ########  ######## ########     ###     ######  ########
     ##        ##  ##     ## ##       ##     ##  ##   ##  ##       ##
     ######    ##  ########  ######   ########  #########  ######  ######
     ##        ##  ##    ##  ##       ##     ## ##     ##       ## ##
     ##       #### ##     ## ######## ########  ##     ##  ######  ########

You're about to initialize a Firebase project in this directory:

  /Users/minazaky/Documents/GitHub/PROJECT-BABYLON

Before we get started, keep in mind:

  * You are initializing within an existing Firebase project directory

[info] 
=== Project Setup
[info] 
[info] First, let's associate this project directory with a Firebase project.
[info] You can create multiple project aliases by running firebase use --add, 
[info] but for now we'll just set up a default project.
[info] 
[debug] [2022-06-17T01:47:42.148Z] >>> [apiv2][query] GET https://firebase.googleapis.com/v1beta1/projects pageSize=100
[debug] [2022-06-17T01:47:42.663Z] <<< [apiv2][status] GET https://firebase.googleapis.com/v1beta1/projects 200
[debug] [2022-06-17T01:47:42.664Z] <<< [apiv2][body] GET https://firebase.googleapis.com/v1beta1/projects [omitted]
[info] i  Using project project-babylon-b3c80 (PROJECT BABYLON) 
[info] 
=== Hosting Setup
[info] 
[info] Your public directory is the folder (relative to your project directory) that
[info] will contain Hosting assets to be uploaded with firebase deploy. If you
[info] have a build process for your assets, use your build's output directory.
[info] 
[info] ✔  Wrote public/404.html 
[debug] [2022-06-17T01:48:02.925Z] >>> [apiv2][query] GET https://www.gstatic.com/firebasejs/releases.json [none]
[debug] [2022-06-17T01:48:03.068Z] <<< [apiv2][status] GET https://www.gstatic.com/firebasejs/releases.json 200
[debug] [2022-06-17T01:48:03.068Z] <<< [apiv2][body] GET https://www.gstatic.com/firebasejs/releases.json {"current":{"version":"9.8.3","browserURL":"https://www.gstatic.com/firebasejs/9.8.3/firebase.js","packageURL":"https://www.gstatic.com/firebasejs/9.8.3/firebase.tgz"},"live":{"version":"9.8","browserURL":"https://www.gstatic.com/firebasejs/live/9.8/firebase.js","packageURL":"https://www.gstatic.com/firebasejs/live/9.8/firebase.tgz"},"components":{"analytics":"https://www.gstatic.com/firebasejs/9.8.3/firebase-analytics.js","app":"https://www.gstatic.com/firebasejs/9.8.3/firebase-app.js","app-check":"https://www.gstatic.com/firebasejs/9.8.3/firebase-app-check.js","auth":"https://www.gstatic.com/firebasejs/9.8.3/firebase-auth.js","auth/cordova":"https://www.gstatic.com/firebasejs/9.8.3/firebase-auth/cordova.js","auth/react-native":"https://www.gstatic.com/firebasejs/9.8.3/firebase-auth/react-native.js","functions":"https://www.gstatic.com/firebasejs/9.8.3/firebase-functions.js","firestore":"https://www.gstatic.com/firebasejs/9.8.3/firebase-firestore.js","firestore/lite":"https://www.gstatic.com/firebasejs/9.8.3/firebase-firestore/lite.js","storage":"https://www.gstatic.com/firebasejs/9.8.3/firebase-storage.js","performance":"https://www.gstatic.com/firebasejs/9.8.3/firebase-performance.js","remote-config":"https://www.gstatic.com/firebasejs/9.8.3/firebase-remote-config.js","messaging":"https://www.gstatic.com/firebasejs/9.8.3/firebase-messaging.js","messaging/sw":"https://www.gstatic.com/firebasejs/9.8.3/firebase-messaging/sw.js","database":"https://www.gstatic.com/firebasejs/9.8.3/firebase-database.js","firestore.memory":"https://www.gstatic.com/firebasejs/9.8.3/firebase-firestore.memory.js"}}
[info] ✔  Wrote public/index.html 
[info] 
[info] i  Detected a .git folder at /Users/minazaky/Documents/GitHub/PROJECT-BABYLON 
[info] i  Authorizing with GitHub to upload your service account to a GitHub repository's secrets store. 
[info] 
[info] Visit this URL on this device to log in:
[info] https://github.com/login/oauth/authorize?client_id=89cf50f02ac6aaed3484&state=992271826&redirect_uri=http%3A%2F%2Flocalhost%3A9005&scope=read%3Auser%20repo%20public_repo
[info] 
[info] Waiting for authentication...
[debug] [2022-06-17T01:48:04.705Z] >>> [apiv2][query] POST https://github.com/login/oauth/access_token [none]
[debug] [2022-06-17T01:48:04.705Z] >>> [apiv2][body] POST https://github.com/login/oauth/access_token [stream]
[debug] [2022-06-17T01:48:05.090Z] <<< [apiv2][status] POST https://github.com/login/oauth/access_token 200
[debug] [2022-06-17T01:48:05.090Z] <<< [apiv2][body] POST https://github.com/login/oauth/access_token {"access_token":"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","token_type":"bearer","scope":"read:user,repo"}
[debug] [2022-06-17T01:48:05.096Z] >>> [apiv2][query] GET https://api.github.com/user [none]
[debug] [2022-06-17T01:48:05.473Z] <<< [apiv2][status] GET https://api.github.com/user 200
[debug] [2022-06-17T01:48:05.474Z] <<< [apiv2][body] GET https://api.github.com/user {"login":"Minazak1","id":63650831,"node_id":"MDQ6VXNlcjYzNjUwODMx","avatar_url":"https://avatars.githubusercontent.com/u/63650831?v=4","gravatar_id":"","url":"https://api.github.com/users/Minazak1","html_url":"https://github.com/Minazak1","followers_url":"https://api.github.com/users/Minazak1/followers","following_url":"https://api.github.com/users/Minazak1/following{/other_user}","gists_url":"https://api.github.com/users/Minazak1/gists{/gist_id}","starred_url":"https://api.github.com/users/Minazak1/starred{/owner}{/repo}","subscriptions_url":"https://api.github.com/users/Minazak1/subscriptions","organizations_url":"https://api.github.com/users/Minazak1/orgs","repos_url":"https://api.github.com/users/Minazak1/repos","events_url":"https://api.github.com/users/Minazak1/events{/privacy}","received_events_url":"https://api.github.com/users/Minazak1/received_events","type":"User","site_admin":false,"name":"Mina Zaky","company":null,"blog":"","location":null,"email":null,"hireable":null,"bio":"A 15 year old coder :)","twitter_username":null,"public_repos":3,"public_gists":0,"followers":3,"following":17,"created_at":"2020-04-14T13:01:34Z","updated_at":"2022-06-17T01:28:28Z","private_gists":0,"total_private_repos":12,"owned_private_repos":12,"disk_usage":79763,"collaborators":1,"two_factor_authentication":false,"plan":{"name":"pro","space":976562499,"collaborators":0,"private_repos":9999}}
[info] 
[info] ✔  Success! Logged into GitHub as Minazak1 
[info] 
